0 info it worked if it ends with ok
1 verbose cli [ 'C:\\Program Files\\nodejs\\node.exe',
1 verbose cli   'C:\\Program Files\\nodejs\\node_modules\\npm\\bin\\npm-cli.js',
1 verbose cli   'install',
1 verbose cli   '-g' ]
2 info using npm@3.10.9
3 info using node@v6.9.2
4 silly loadCurrentTree Starting
5 silly install loadCurrentTree
6 silly install readGlobalPackageData
7 silly fetchPackageMetaData .
8 silly fetchDirectoryPackageData .
9 silly install normalizeTree
10 silly loadCurrentTree Finishing
11 silly loadIdealTree Starting
12 silly install loadIdealTree
13 silly cloneCurrentTree Starting
14 silly install cloneCurrentTreeToIdealTree
15 silly cloneCurrentTree Finishing
16 silly loadShrinkwrap Starting
17 silly install loadShrinkwrap
18 silly loadShrinkwrap Finishing
19 silly loadAllDepsIntoIdealTree Starting
20 silly install loadAllDepsIntoIdealTree
21 silly resolveWithNewModule angular-seed@0.0.0 checking installable status
22 silly cache add args [ '.', null ]
23 verbose cache add spec .
24 silly cache add parsed spec Result {
24 silly cache add   raw: '.',
24 silly cache add   scope: null,
24 silly cache add   escapedName: null,
24 silly cache add   name: null,
24 silly cache add   rawSpec: '.',
24 silly cache add   spec: 'F:\\lalit\\angular-seed',
24 silly cache add   type: 'directory' }
25 verbose addLocalDirectory C:\Users\deepak\AppData\Roaming\npm-cache\angular-seed\0.0.0\package.tgz not in flight; packing
26 verbose correctMkdir C:\Users\deepak\AppData\Roaming\npm-cache correctMkdir not in flight; initializing
27 verbose makeDirectory C:\Users\deepak\AppData\Roaming\npm-cache creation not in flight; initializing
28 verbose makeCacheDir UID & GID are irrelevant on win32
29 info lifecycle angular-seed@0.0.0~prepublish: angular-seed@0.0.0
30 silly lifecycle angular-seed@0.0.0~prepublish: no script for prepublish, continuing
31 verbose tar pack [ 'C:\\Users\\deepak\\AppData\\Roaming\\npm-cache\\angular-seed\\0.0.0\\package.tgz',
31 verbose tar pack   'F:\\lalit\\angular-seed' ]
32 verbose tarball C:\Users\deepak\AppData\Roaming\npm-cache\angular-seed\0.0.0\package.tgz
33 verbose folder F:\lalit\angular-seed
34 verbose addLocalTarball adding from inside cache C:\Users\deepak\AppData\Roaming\npm-cache\angular-seed\0.0.0\package.tgz
35 verbose correctMkdir C:\Users\deepak\AppData\Roaming\npm-cache correctMkdir not in flight; initializing
36 silly cache afterAdd angular-seed@0.0.0
37 verbose afterAdd C:\Users\deepak\AppData\Roaming\npm-cache\angular-seed\0.0.0\package\package.json not in flight; writing
38 verbose correctMkdir C:\Users\deepak\AppData\Roaming\npm-cache correctMkdir not in flight; initializing
39 verbose afterAdd C:\Users\deepak\AppData\Roaming\npm-cache\angular-seed\0.0.0\package\package.json written
40 silly loadAllDepsIntoIdealTree Finishing
41 silly loadIdealTree Finishing
42 silly currentTree npm
43 silly idealTree npm
43 silly idealTree `-- angular-seed@0.0.0
44 silly generateActionsToTake Starting
45 silly install generateActionsToTake
46 silly generateActionsToTake Finishing
47 silly diffTrees action count 1
48 silly diffTrees add angular-seed@0.0.0
49 silly decomposeActions action count 8
50 silly decomposeActions fetch angular-seed@0.0.0
51 silly decomposeActions extract angular-seed@0.0.0
52 silly decomposeActions test angular-seed@0.0.0
53 silly decomposeActions preinstall angular-seed@0.0.0
54 silly decomposeActions build angular-seed@0.0.0
55 silly decomposeActions install angular-seed@0.0.0
56 silly decomposeActions postinstall angular-seed@0.0.0
57 silly decomposeActions finalize angular-seed@0.0.0
58 silly runTopLevelLifecycles Starting
59 silly executeActions Starting
60 silly install executeActions
61 silly doSerial global-install 0
62 silly doParallel fetch 1
63 verbose correctMkdir C:\Users\deepak\AppData\Roaming\npm-cache\_locks correctMkdir not in flight; initializing
64 verbose makeDirectory C:\Users\deepak\AppData\Roaming\npm-cache\_locks creation not in flight; initializing
65 verbose makeCacheDir UID & GID are irrelevant on win32
66 verbose lock using C:\Users\deepak\AppData\Roaming\npm-cache\_locks\staging-f0e061d537f04f0c.lock for C:\Users\deepak\AppData\Roaming\npm\node_modules\.staging
67 silly doParallel extract 1
68 silly extract angular-seed@0.0.0
69 verbose unbuild node_modules\.staging\angular-seed-5dfa545c
70 silly gentlyRm C:\Users\deepak\AppData\Roaming\npm\node_modules\.staging\angular-seed-5dfa545c is being purged from base C:\Users\deepak\AppData\Roaming\npm
71 verbose gentlyRm don't care about contents; nuking C:\Users\deepak\AppData\Roaming\npm\node_modules\.staging\angular-seed-5dfa545c
72 verbose tar unpack C:\Users\deepak\AppData\Roaming\npm-cache\angular-seed\0.0.0\package.tgz
73 verbose tar unpacking to C:\Users\deepak\AppData\Roaming\npm\node_modules\.staging\angular-seed-5dfa545c
74 silly gentlyRm C:\Users\deepak\AppData\Roaming\npm\node_modules\.staging\angular-seed-5dfa545c is being purged
75 verbose gentlyRm don't care about contents; nuking C:\Users\deepak\AppData\Roaming\npm\node_modules\.staging\angular-seed-5dfa545c
76 silly gunzTarPerm modes [ '777', '666' ]
77 silly gunzTarPerm extractEntry package.json
78 silly gunzTarPerm extractEntry .npmignore
79 silly gunzTarPerm extractEntry README.md
80 silly gunzTarPerm extractEntry LICENSE
81 silly gunzTarPerm extractEntry karma.conf.js
82 silly gunzTarPerm extractEntry .travis.yml
83 silly gunzTarPerm extractEntry .jshintrc
84 silly gunzTarPerm extractEntry app/app.js
85 silly gunzTarPerm extractEntry app/app.css
86 silly gunzTarPerm extractEntry app/components/version/interpolate-filter.js
87 silly gunzTarPerm extractEntry app/components/version/interpolate-filter_test.js
88 silly gunzTarPerm extractEntry app/components/version/version-directive.js
89 silly gunzTarPerm extractEntry app/components/version/version-directive_test.js
90 silly gunzTarPerm extractEntry app/components/version/version.js
91 silly gunzTarPerm extractEntry app/components/version/version_test.js
92 silly gunzTarPerm extractEntry app/index-async.html
93 silly gunzTarPerm extractEntry app/index.html
94 silly gunzTarPerm extractEntry app/view1/view1.js
95 silly gunzTarPerm extractEntry app/view1/view1_test.js
96 silly gunzTarPerm extractEntry app/view1/view1.html
97 silly gunzTarPerm extractEntry app/view2/view2.js
98 silly gunzTarPerm extractEntry app/view2/view2_test.js
99 silly gunzTarPerm extractEntry app/view2/view2.html
100 silly gunzTarPerm extractEntry bower.json
101 silly gunzTarPerm extractEntry e2e-tests/protractor.conf.js
102 silly gunzTarPerm extractEntry e2e-tests/scenarios.js
103 silly gunzTarPerm extractEntry .bowerrc
104 silly gentlyRm C:\Users\deepak\AppData\Roaming\npm\node_modules\.staging\angular-seed-5dfa545c\node_modules is being purged
105 verbose gentlyRm don't care about contents; nuking C:\Users\deepak\AppData\Roaming\npm\node_modules\.staging\angular-seed-5dfa545c\node_modules
106 silly doParallel preinstall 1
107 silly preinstall angular-seed@0.0.0 C:\Users\deepak\AppData\Roaming\npm\node_modules\.staging\angular-seed-5dfa545c
108 info lifecycle angular-seed@0.0.0~preinstall: angular-seed@0.0.0
109 silly lifecycle angular-seed@0.0.0~preinstall: no script for preinstall, continuing
110 silly doReverseSerial remove 0
111 silly doSerial move 0
112 silly doSerial finalize 1
113 silly finalize C:\Users\deepak\AppData\Roaming\npm\node_modules\angular-seed
114 silly doSerial build 1
115 silly build angular-seed@0.0.0
116 info linkStuff angular-seed@0.0.0
117 silly linkStuff angular-seed@0.0.0 has C:\Users\deepak\AppData\Roaming\npm\node_modules as its parent node_modules
118 silly linkStuff angular-seed@0.0.0 is part of a global install
119 silly linkStuff angular-seed@0.0.0 is installed into a global node_modules
120 silly linkStuff angular-seed@0.0.0 is installed into the top-level global node_modules
121 verbose linkBins angular-seed@0.0.0
122 verbose linkMans angular-seed@0.0.0
123 silly doSerial global-link 0
124 silly doParallel update-linked 0
125 silly doSerial install 1
126 silly install angular-seed@0.0.0 C:\Users\deepak\AppData\Roaming\npm\node_modules\.staging\angular-seed-5dfa545c
127 info lifecycle angular-seed@0.0.0~install: angular-seed@0.0.0
128 silly lifecycle angular-seed@0.0.0~install: no script for install, continuing
129 silly doSerial postinstall 1
130 silly postinstall angular-seed@0.0.0 C:\Users\deepak\AppData\Roaming\npm\node_modules\.staging\angular-seed-5dfa545c
131 info lifecycle angular-seed@0.0.0~postinstall: angular-seed@0.0.0
132 verbose lifecycle angular-seed@0.0.0~postinstall: unsafe-perm in lifecycle true
133 verbose lifecycle angular-seed@0.0.0~postinstall: PATH: C:\Program Files\nodejs\node_modules\npm\bin\node-gyp-bin;C:\Users\deepak\AppData\Roaming\npm\node_modules\angular-seed\node_modules\.bin;C:\Users\deepak\AppData\Roaming\npm\node_modules\.bin;C:\Users\deepak\bin;C:\Program Files\Git\mingw64\bin;C:\Program Files\Git\usr\local\bin;C:\Program Files\Git\usr\bin;C:\Program Files\Git\usr\bin;C:\Program Files\Git\mingw64\bin;C:\Program Files\Git\usr\bin;C:\Users\deepak\bin;C:\Windows\system32;C:\Windows;C:\Windows\System32\Wbem;C:\Windows\System32\WindowsPowerShell\v1.0;C:\Program Files (x86)\Microsoft SQL Server\100\Tools\Binn;C:\Program Files\Microsoft SQL Server\100\Tools\Binn;C:\Program Files\Microsoft SQL Server\100\DTS\Binn;C:\Program Files (x86)\Microsoft SQL Server\100\Tools\Binn\VSShell\Common7\IDE;C:\Program Files (x86)\Microsoft SQL Server\100\DTS\Binn;C:\Program Files\nodejs;C:\Program Files (x86)\Java\jdk1.6.0\bin;C:\Users\deepak\AppData\Roaming\npm;C:\Program Files\Git\usr\bin\vendor_perl;C:\Program Files\Git\usr\bin\core_perl
134 verbose lifecycle angular-seed@0.0.0~postinstall: CWD: C:\Users\deepak\AppData\Roaming\npm\node_modules\angular-seed
135 silly lifecycle angular-seed@0.0.0~postinstall: Args: [ '/d /s /c', 'bower install' ]
136 silly lifecycle angular-seed@0.0.0~postinstall: Returned: code: 1  signal: null
137 info lifecycle angular-seed@0.0.0~postinstall: Failed to exec postinstall script
138 verbose unlock done using C:\Users\deepak\AppData\Roaming\npm-cache\_locks\staging-f0e061d537f04f0c.lock for C:\Users\deepak\AppData\Roaming\npm\node_modules\.staging
139 silly rollbackFailedOptional Starting
140 silly rollbackFailedOptional Finishing
141 silly runTopLevelLifecycles Finishing
142 silly install printInstalled
143 verbose stack Error: angular-seed@0.0.0 postinstall: `bower install`
143 verbose stack Exit status 1
143 verbose stack     at EventEmitter.<anonymous> (C:\Program Files\nodejs\node_modules\npm\lib\utils\lifecycle.js:255:16)
143 verbose stack     at emitTwo (events.js:106:13)
143 verbose stack     at EventEmitter.emit (events.js:191:7)
143 verbose stack     at ChildProcess.<anonymous> (C:\Program Files\nodejs\node_modules\npm\lib\utils\spawn.js:40:14)
143 verbose stack     at emitTwo (events.js:106:13)
143 verbose stack     at ChildProcess.emit (events.js:191:7)
143 verbose stack     at maybeClose (internal/child_process.js:877:16)
143 verbose stack     at Process.ChildProcess._handle.onexit (internal/child_process.js:226:5)
144 verbose pkgid angular-seed@0.0.0
145 verbose cwd F:\lalit\angular-seed
146 error Windows_NT 6.3.9600
147 error argv "C:\\Program Files\\nodejs\\node.exe" "C:\\Program Files\\nodejs\\node_modules\\npm\\bin\\npm-cli.js" "install" "-g"
148 error node v6.9.2
149 error npm  v3.10.9
150 error code ELIFECYCLE
151 error angular-seed@0.0.0 postinstall: `bower install`
151 error Exit status 1
152 error Failed at the angular-seed@0.0.0 postinstall script 'bower install'.
152 error Make sure you have the latest version of node.js and npm installed.
152 error If you do, this is most likely a problem with the angular-seed package,
152 error not with npm itself.
152 error Tell the author that this fails on your system:
152 error     bower install
152 error You can get information on how to open an issue for this project with:
152 error     npm bugs angular-seed
152 error Or if that isn't available, you can get their info via:
152 error     npm owner ls angular-seed
152 error There is likely additional logging output above.
153 verbose exit [ 1, true ]
